#
# There is insufficient memory for the Java Runtime Environment to continue.
# Native memory allocation (malloc) failed to allocate 528336 bytes for Chunk::new
# Possible reasons:
#   The system is out of physical RAM or swap space
#   The process is running with CompressedOops enabled, and the Java Heap may be blocking the growth of the native heap
# Possible solutions:
#   Reduce memory load on the system
#   Increase physical memory or swap space
#   Check if swap backing store is full
#   Decrease Java heap size (-Xmx/-Xms)
#   Decrease number of Java threads
#   Decrease Java thread stack sizes (-Xss)
#   Set larger code cache with -XX:ReservedCodeCacheSize=
#   JVM is running with Zero Based Compressed Oops mode in which the Java heap is
#     placed in the first 32GB address space. The Java Heap base address is the
#     maximum limit for the native heap growth. Please use -XX:HeapBaseMinAddress
#     to set the Java Heap base and to place the Java Heap above 32GB virtual address.
# This output file may be truncated or incomplete.
#
#  Out of Memory Error (t:/workspace/open/src/hotspot/share/memory/arena.cpp:197), pid=35092, tid=35024
#
# JRE version: Java(TM) SE Runtime Environment (11.0.5+10) (build 11.0.5+10-LTS)
# Java VM: Java HotSpot(TM) 64-Bit Server VM (11.0.5+10-LTS, mixed mode, tiered, compressed oops, g1 gc, windows-amd64)
# No core dump will be written. Minidumps are not enabled by default on client versions of Windows
#

---------------  S U M M A R Y ------------

Command Line: -Dfile.encoding=UTF-8 com.TCS.tcsusecase.TcsusecaseApplication

Host: Intel(R) Core(TM) i7-7660U CPU @ 2.50GHz, 4 cores, 15G,  Windows 10 , 64 bit Build 18362 (10.0.18362.778)
Time: Mon Apr 20 13:07:56 2020 Central Daylight Time elapsed time: 121283 seconds (1d 9h 41m 23s)

---------------  T H R E A D  ---------------

Current thread (0x0000016ae7b36800):  JavaThread "C2 CompilerThread0" daemon [_thread_in_native, id=35024, stack(0x0000000404300000,0x0000000404400000)]


Current CompileTask:
C2:121283979 5494   !   4       java.util.concurrent.ThreadPoolExecutor::runWorker (187 bytes)

Stack: [0x0000000404300000,0x0000000404400000]
Native frames: (J=compiled Java code, j=interpreted, Vv=VM code, C=native code)
V  [jvm.dll+0x63611a]
V  [jvm.dll+0x77426f]
V  [jvm.dll+0x77591a]
V  [jvm.dll+0x775fd3]
V  [jvm.dll+0x25e608]
V  [jvm.dll+0xc1f31]
V  [jvm.dll+0xc24bc]
V  [jvm.dll+0x36db27]
V  [jvm.dll+0x33ab93]
V  [jvm.dll+0x339f6a]
V  [jvm.dll+0x218485]
V  [jvm.dll+0x21762a]
V  [jvm.dll+0x1941bc]
V  [jvm.dll+0x226684]
V  [jvm.dll+0x224c78]
V  [jvm.dll+0x7396cd]
V  [jvm.dll+0x6351c2]
C  [ucrtbase.dll+0x20e72]
C  [KERNEL32.DLL+0x17bd4]
C  [ntdll.dll+0x6ce51]


---------------  P R O C E S S  ---------------

Threads class SMR info:
_java_thread_list=0x0000016aeb7acf60, length=27, elements={
0x0000016ae7ad9000, 0x0000016ae7ae8800, 0x0000016ae7b32800, 0x0000016ae7b33800,
0x0000016ae7b36800, 0x0000016ae7b47000, 0x0000016ae7b9e800, 0x0000016ae7cbc800,
0x0000016ae7cd4800, 0x0000016aeb992800, 0x0000016aeb4fe800, 0x0000016aeb606800,
0x0000016ae9357000, 0x0000016aecc97000, 0x0000016aedd76000, 0x0000016aebafb800,
0x0000016aeb3a6800, 0x0000016ae8435000, 0x0000016aed26d800, 0x0000016aed270000,
0x0000016aed26f800, 0x0000016aed271000, 0x0000016aed26d000, 0x0000016aed26c000,
0x0000016aed26e800, 0x0000016aed26b000, 0x0000016aed271800
}

Java Threads: ( => current thread )
  0x0000016ae7ad9000 JavaThread "Reference Handler" daemon [_thread_blocked, id=34844, stack(0x0000000403f00000,0x0000000404000000)]
  0x0000016ae7ae8800 JavaThread "Finalizer" daemon [_thread_blocked, id=26316, stack(0x0000000404000000,0x0000000404100000)]
  0x0000016ae7b32800 JavaThread "Signal Dispatcher" daemon [_thread_blocked, id=22432, stack(0x0000000404100000,0x0000000404200000)]
  0x0000016ae7b33800 JavaThread "Attach Listener" daemon [_thread_blocked, id=34248, stack(0x0000000404200000,0x0000000404300000)]
=>0x0000016ae7b36800 JavaThread "C2 CompilerThread0" daemon [_thread_in_native, id=35024, stack(0x0000000404300000,0x0000000404400000)]
  0x0000016ae7b47000 JavaThread "C1 CompilerThread0" daemon [_thread_blocked, id=23316, stack(0x0000000404400000,0x0000000404500000)]
  0x0000016ae7b9e800 JavaThread "Sweeper thread" daemon [_thread_blocked, id=21064, stack(0x0000000404500000,0x0000000404600000)]
  0x0000016ae7cbc800 JavaThread "Service Thread" daemon [_thread_blocked, id=16308, stack(0x0000000404600000,0x0000000404700000)]
  0x0000016ae7cd4800 JavaThread "Common-Cleaner" daemon [_thread_blocked, id=36752, stack(0x0000000404800000,0x0000000404900000)]
  0x0000016aeb992800 JavaThread "HikariPool-1 housekeeper" daemon [_thread_blocked, id=33516, stack(0x0000000404d00000,0x0000000404e00000)]
  0x0000016aeb4fe800 JavaThread "Catalina-utility-1" [_thread_blocked, id=2052, stack(0x0000000404f00000,0x0000000405000000)]
  0x0000016aeb606800 JavaThread "Catalina-utility-2" [_thread_in_vm, id=33176, stack(0x0000000405000000,0x0000000405100000)]
  0x0000016ae9357000 JavaThread "container-0" [_thread_blocked, id=35604, stack(0x0000000405100000,0x0000000405200000)]
  0x0000016aecc97000 JavaThread "http-nio-8011-BlockPoller" daemon [_thread_in_native, id=21840, stack(0x0000000405200000,0x0000000405300000)]
  0x0000016aedd76000 JavaThread "http-nio-8011-exec-1" daemon [_thread_blocked, id=28296, stack(0x0000000405300000,0x0000000405400000)]
  0x0000016aebafb800 JavaThread "http-nio-8011-exec-2" daemon [_thread_blocked, id=36496, stack(0x0000000405400000,0x0000000405500000)]
  0x0000016aeb3a6800 JavaThread "http-nio-8011-exec-3" daemon [_thread_blocked, id=10376, stack(0x0000000405500000,0x0000000405600000)]
  0x0000016ae8435000 JavaThread "http-nio-8011-exec-4" daemon [_thread_blocked, id=32188, stack(0x0000000405600000,0x0000000405700000)]
  0x0000016aed26d800 JavaThread "http-nio-8011-exec-5" daemon [_thread_blocked, id=12000, stack(0x0000000405700000,0x0000000405800000)]
  0x0000016aed270000 JavaThread "http-nio-8011-exec-6" daemon [_thread_blocked, id=32804, stack(0x0000000405800000,0x0000000405900000)]
  0x0000016aed26f800 JavaThread "http-nio-8011-exec-7" daemon [_thread_blocked, id=34128, stack(0x0000000405900000,0x0000000405a00000)]
  0x0000016aed271000 JavaThread "http-nio-8011-exec-8" daemon [_thread_blocked, id=18140, stack(0x0000000405a00000,0x0000000405b00000)]
  0x0000016aed26d000 JavaThread "http-nio-8011-exec-9" daemon [_thread_blocked, id=36536, stack(0x0000000405b00000,0x0000000405c00000)]
  0x0000016aed26c000 JavaThread "http-nio-8011-exec-10" daemon [_thread_blocked, id=24892, stack(0x0000000405c00000,0x0000000405d00000)]
  0x0000016aed26e800 JavaThread "http-nio-8011-ClientPoller" daemon [_thread_in_native, id=29688, stack(0x0000000405d00000,0x0000000405e00000)]
  0x0000016aed26b000 JavaThread "http-nio-8011-Acceptor" daemon [_thread_in_native, id=24204, stack(0x0000000405e00000,0x0000000405f00000)]
  0x0000016aed271800 JavaThread "DestroyJavaVM" [_thread_blocked, id=22020, stack(0x0000000403800000,0x0000000403900000)]

Other Threads:
  0x0000016ae7228800 VMThread "VM Thread" [stack: 0x0000000403e00000,0x0000000403f00000] [id=26724]
  0x0000016ae7cc3000 WatcherThread [stack: 0x0000000404700000,0x0000000404800000] [id=28996]
  0x0000016ac425f800 GCTaskThread "GC Thread#0" [stack: 0x0000000403700000,0x0000000403800000] [id=17728]
  0x0000016ae8b5b000 GCTaskThread "GC Thread#1" [stack: 0x0000000404a00000,0x0000000404b00000] [id=33344]
  0x0000016ae8912800 GCTaskThread "GC Thread#2" [stack: 0x0000000404b00000,0x0000000404c00000] [id=36264]
  0x0000016ae875d800 GCTaskThread "GC Thread#3" [stack: 0x0000000404c00000,0x0000000404d00000] [id=28144]
  0x0000016ac42c0000 ConcurrentGCThread "G1 Main Marker" [stack: 0x0000000403a00000,0x0000000403b00000] [id=36720]
  0x0000016ac42c2000 ConcurrentGCThread "G1 Conc#0" [stack: 0x0000000403b00000,0x0000000403c00000] [id=29480]
  0x0000016ae7117000 ConcurrentGCThread "G1 Refine#0" [stack: 0x0000000403c00000,0x0000000403d00000] [id=27696]
  0x0000016ae7119000 ConcurrentGCThread "G1 Young RemSet Sampling" [stack: 0x0000000403d00000,0x0000000403e00000] [id=35324]

Threads with active compile tasks:
C2 CompilerThread05494   !   4       java.util.concurrent.ThreadPoolExecutor::runWorker (187 bytes)

VM state:not at safepoint (normal execution)

VM Mutex/Monitor currently owned by a thread: None

Heap address: 0x0000000701200000, size: 4078 MB, Compressed Oops mode: Zero based, Oop shift amount: 3
Narrow klass base: 0x0000000800000000, Narrow klass shift: 0
Compressed class space size: 1073741824 Address: 0x0000000800000000

Heap:
 garbage-first heap   total 315392K, used 137582K [0x0000000701200000, 0x0000000800000000)
  region size 1024K, 130 young (133120K), 14 survivors (14336K)
 Metaspace       used 69461K, capacity 70952K, committed 71244K, reserved 1112064K
  class space    used 8840K, capacity 9430K, committed 9548K, reserved 1048576K
Heap Regions: E=young(eden), S=young(survivor), O=old, HS=humongous(starts), HC=humongous(continues), CS=collection set, F=free, A=archive, TAMS=top-at-mark-start (previous, next)
|   0|0x0000000701200000, 0x0000000701300000, 0x0000000701300000|100%|HS|  |TAMS 0x0000000701300000, 0x0000000701200000| Complete 
|   1|0x0000000701300000, 0x0000000701400000, 0x0000000701400000|100%| O|  |TAMS 0x0000000701400000, 0x0000000701300000| Untracked 
|   2|0x0000000701400000, 0x0000000701500000, 0x0000000701500000|100%| O|  |TAMS 0x0000000701500000, 0x0000000701400000| Untracked 
|   3|0x0000000701500000, 0x0000000701600000, 0x0000000701600000|100%| O|  |TAMS 0x0000000701600000, 0x0000000701500000| Untracked 
|   4|0x0000000701600000, 0x0000000701700000, 0x0000000701700000|100%| O|  |TAMS 0x0000000701700000, 0x0000000701600000| Untracked 
|   5|0x0000000701700000, 0x00000007017dfe00, 0x0000000701800000| 87%| O|  |TAMS 0x00000007017dfe00, 0x0000000701700000| Untracked 
|   6|0x0000000701800000, 0x0000000701800000, 0x0000000701900000|  0%| F|  |TAMS 0x0000000701800000, 0x0000000701800000| Untracked 
|   7|0x0000000701900000, 0x0000000701900000, 0x0000000701a00000|  0%| F|  |TAMS 0x0000000701900000, 0x0000000701900000| Untracked 
|   8|0x0000000701a00000, 0x0000000701a00000, 0x0000000701b00000|  0%| F|  |TAMS 0x0000000701a00000, 0x0000000701a00000| Untracked 
|   9|0x0000000701b00000, 0x0000000701b00000, 0x0000000701c00000|  0%| F|  |TAMS 0x0000000701b00000, 0x0000000701b00000| Untracked 
|  10|0x0000000701c00000, 0x0000000701c00000, 0x0000000701d00000|  0%| F|  |TAMS 0x0000000701c00000, 0x0000000701c00000| Untracked 
|  11|0x0000000701d00000, 0x0000000701d00000, 0x0000000701e00000|  0%| F|  |TAMS 0x0000000701d00000, 0x0000000701d00000| Untracked 
|  12|0x0000000701e00000, 0x0000000701e00000, 0x0000000701f00000|  0%| F|  |TAMS 0x0000000701e00000, 0x0000000701e00000| Untracked 
|  13|0x0000000701f00000, 0x0000000701f00000, 0x0000000702000000|  0%| F|  |TAMS 0x0000000701f00000, 0x0000000701f00000| Untracked 
|  14|0x0000000702000000, 0x0000000702000000, 0x0000000702100000|  0%| F|  |TAMS 0x0000000702000000, 0x0000000702000000| Untracked 
|  15|0x0000000702100000, 0x0000000702100000, 0x0000000702200000|  0%| F|  |TAMS 0x0000000702100000, 0x0000000702100000| Untracked 
|  16|0x0000000702200000, 0x0000000702200000, 0x0000000702300000|  0%| F|  |TAMS 0x0000000702200000, 0x0000000702200000| Untracked 
|  17|0x0000000702300000, 0x0000000702300000, 0x0000000702400000|  0%| F|  |TAMS 0x0000000702300000, 0x0000000702300000| Untracked 
|  18|0x0000000702400000, 0x0000000702400000, 0x0000000702500000|  0%| F|  |TAMS 0x0000000702400000, 0x0000000702400000| Untracked 
|  19|0x0000000702500000, 0x0000000702500000, 0x0000000702600000|  0%| F|  |TAMS 0x0000000702500000, 0x0000000702500000| Untracked 
|  20|0x0000000702600000, 0x0000000702600000, 0x0000000702700000|  0%| F|  |TAMS 0x0000000702600000, 0x0000000702600000| Untracked 
|  21|0x0000000702700000, 0x0000000702700000, 0x0000000702800000|  0%| F|  |TAMS 0x0000000702700000, 0x0000000702700000| Untracked 
|  22|0x0000000702800000, 0x0000000702800000, 0x0000000702900000|  0%| F|  |TAMS 0x0000000702800000, 0x0000000702800000| Untracked 
|  23|0x0000000702900000, 0x0000000702900000, 0x0000000702a00000|  0%| F|  |TAMS 0x0000000702900000, 0x0000000702900000| Untracked 
|  24|0x0000000702a00000, 0x0000000702a00000, 0x0000000702b00000|  0%| F|  |TAMS 0x0000000702a00000, 0x0000000702a00000| Untracked 
|  25|0x0000000702b00000, 0x0000000702b00000, 0x0000000702c00000|  0%| F|  |TAMS 0x0000000702b00000, 0x0000000702b00000| Untracked 
|  26|0x0000000702c00000, 0x0000000702c00000, 0x0000000702d00000|  0%| F|  |TAMS 0x0000000702c00000, 0x0000000702c00000| Untracked 
|  27|0x0000000702d00000, 0x0000000702d00000, 0x0000000702e00000|  0%| F|  |TAMS 0x0000000702d00000, 0x0000000702d00000| Untracked 
|  28|0x0000000702e00000, 0x0000000702e00000, 0x0000000702f00000|  0%| F|  |TAMS 0x0000000702e00000, 0x0000000702e00000| Untracked 
|  29|0x0000000702f00000, 0x0000000702f00000, 0x0000000703000000|  0%| F|  |TAMS 0x0000000702f00000, 0x0000000702f00000| Untracked 
|  30|0x0000000703000000, 0x0000000703000000, 0x0000000703100000|  0%| F|  |TAMS 0x0000000703000000, 0x0000000703000000| Untracked 
|  31|0x0000000703100000, 0x0000000703100000, 0x0000000703200000|  0%| F|  |TAMS 0x0000000703100000, 0x0000000703100000| Untracked 
|  32|0x0000000703200000, 0x0000000703200000, 0x0000000703300000|  0%| F|  |TAMS 0x0000000703200000, 0x0000000703200000| Untracked 
|  33|0x0000000703300000, 0x0000000703300000, 0x0000000703400000|  0%| F|  |TAMS 0x0000000703300000, 0x0000000703300000| Untracked 
|  34|0x0000000703400000, 0x0000000703400000, 0x0000000703500000|  0%| F|  |TAMS 0x0000000703400000, 0x0000000703400000| Untracked 
|  35|0x0000000703500000, 0x0000000703500000, 0x0000000703600000|  0%| F|  |TAMS 0x0000000703500000, 0x0000000703500000| Untracked 
|  36|0x0000000703600000, 0x0000000703600000, 0x0000000703700000|  0%| F|  |TAMS 0x0000000703600000, 0x0000000703600000| Untracked 
|  37|0x0000000703700000, 0x0000000703700000, 0x0000000703800000|  0%| F|  |TAMS 0x0000000703700000, 0x0000000703700000| Untracked 
|  38|0x0000000703800000, 0x0000000703800000, 0x0000000703900000|  0%| F|  |TAMS 0x0000000703800000, 0x0000000703800000| Untracked 
|  39|0x0000000703900000, 0x0000000703900000, 0x0000000703a00000|  0%| F|  |TAMS 0x0000000703900000, 0x0000000703900000| Untracked 
|  40|0x0000000703a00000, 0x0000000703a00000, 0x0000000703b00000|  0%| F|  |TAMS 0x0000000703a00000, 0x0000000703a00000| Untracked 
|  41|0x0000000703b00000, 0x0000000703b00000, 0x0000000703c00000|  0%| F|  |TAMS 0x0000000703b00000, 0x0000000703b00000| Untracked 
|  42|0x0000000703c00000, 0x0000000703c00000, 0x0000000703d00000|  0%| F|  |TAMS 0x0000000703c00000, 0x0000000703c00000| Untracked 
|  43|0x0000000703d00000, 0x0000000703d00000, 0x0000000703e00000|  0%| F|  |TAMS 0x0000000703d00000, 0x0000000703d00000| Untracked 
|  44|0x0000000703e00000, 0x0000000703e00000, 0x0000000703f00000|  0%| F|  |TAMS 0x0000000703e00000, 0x0000000703e00000| Untracked 
|  45|0x0000000703f00000, 0x0000000703f00000, 0x0000000704000000|  0%| F|  |TAMS 0x0000000703f00000, 0x0000000703f00000| Untracked 
|  46|0x0000000704000000, 0x0000000704000000, 0x0000000704100000|  0%| F|  |TAMS 0x0000000704000000, 0x0000000704000000| Untracked 
|  47|0x0000000704100000, 0x0000000704100000, 0x0000000704200000|  0%| F|  |TAMS 0x0000000704100000, 0x0000000704100000| Untracked 
|  48|0x0000000704200000, 0x0000000704200000, 0x0000000704300000|  0%| F|  |TAMS 0x0000000704200000, 0x0000000704200000| Untracked 
|  49|0x0000000704300000, 0x0000000704300000, 0x0000000704400000|  0%| F|  |TAMS 0x0000000704300000, 0x0000000704300000| Untracked 
|  50|0x0000000704400000, 0x0000000704400000, 0x0000000704500000|  0%| F|  |TAMS 0x0000000704400000, 0x0000000704400000| Untracked 
|  51|0x0000000704500000, 0x0000000704500000, 0x0000000704600000|  0%| F|  |TAMS 0x0000000704500000, 0x0000000704500000| Untracked 
|  52|0x0000000704600000, 0x0000000704600000, 0x0000000704700000|  0%| F|  |TAMS 0x0000000704600000, 0x0000000704600000| Untracked 
|  53|0x0000000704700000, 0x0000000704700000, 0x0000000704800000|  0%| F|  |TAMS 0x0000000704700000, 0x0000000704700000| Untracked 
|  54|0x0000000704800000, 0x0000000704800000, 0x0000000704900000|  0%| F|  |TAMS 0x0000000704800000, 0x0000000704800000| Untracked 
|  55|0x0000000704900000, 0x0000000704900000, 0x0000000704a00000|  0%| F|  |TAMS 0x0000000704900000, 0x0000000704900000| Untracked 
|  56|0x0000000704a00000, 0x0000000704a00000, 0x0000000704b00000|  0%| F|  |TAMS 0x0000000704a00000, 0x0000000704a00000| Untracked 
|  57|0x0000000704b00000, 0x0000000704b00000, 0x0000000704c00000|  0%| F|  |TAMS 0x0000000704b00000, 0x0000000704b00000| Untracked 
|  58|0x0000000704c00000, 0x0000000704c00000, 0x0000000704d00000|  0%| F|  |TAMS 0x0000000704c00000, 0x0000000704c00000| Untracked 
|  59|0x0000000704d00000, 0x0000000704d00000, 0x0000000704e00000|  0%| F|  |TAMS 0x0000000704d00000, 0x0000000704d00000| Untracked 
|  60|0x0000000704e00000, 0x0000000704e00000, 0x0000000704f00000|  0%| F|  |TAMS 0x0000000704e00000, 0x0000000704e00000| Untracked 
|  61|0x0000000704f00000, 0x0000000704f00000, 0x0000000705000000|  0%| F|  |TAMS 0x0000000704f00000, 0x0000000704f00000| Untracked 
|  62|0x0000000705000000, 0x0000000705000000, 0x0000000705100000|  0%| F|  |TAMS 0x0000000705000000, 0x0000000705000000| Untracked 
|  63|0x0000000705100000, 0x0000000705100000, 0x0000000705200000|  0%| F|  |TAMS 0x0000000705100000, 0x0000000705100000| Untracked 
|  64|0x0000000705200000, 0x0000000705200000, 0x0000000705300000|  0%| F|  |TAMS 0x0000000705200000, 0x0000000705200000| Untracked 
|  65|0x0000000705300000, 0x0000000705300000, 0x0000000705400000|  0%| F|  |TAMS 0x0000000705300000, 0x0000000705300000| Untracked 
|  66|0x0000000705400000, 0x0000000705400000, 0x0000000705500000|  0%| F|  |TAMS 0x0000000705400000, 0x0000000705400000| Untracked 
|  67|0x0000000705500000, 0x0000000705500000, 0x0000000705600000|  0%| F|  |TAMS 0x0000000705500000, 0x0000000705500000| Untracked 
|  68|0x0000000705600000, 0x0000000705600000, 0x0000000705700000|  0%| F|  |TAMS 0x0000000705600000, 0x0000000705600000| Untracked 
|  69|0x0000000705700000, 0x0000000705700000, 0x0000000705800000|  0%| F|  |TAMS 0x0000000705700000, 0x0000000705700000| Untracked 
|  70|0x0000000705800000, 0x0000000705800000, 0x0000000705900000|  0%| F|  |TAMS 0x0000000705800000, 0x0000000705800000| Untracked 
|  71|0x0000000705900000, 0x0000000705900000, 0x0000000705a00000|  0%| F|  |TAMS 0x0000000705900000, 0x0000000705900000| Untracked 
|  72|0x0000000705a00000, 0x0000000705a00000, 0x0000000705b00000|  0%| F|  |TAMS 0x0000000705a00000, 0x0000000705a00000| Untracked 
|  73|0x0000000705b00000, 0x0000000705b00000, 0x0000000705c00000|  0%| F|  |TAMS 0x0000000705b00000, 0x0000000705b00000| Untracked 
|  74|0x0000000705c00000, 0x0000000705c00000, 0x0000000705d00000|  0%| F|  |TAMS 0x0000000705c00000, 0x0000000705c00000| Untracked 
|  75|0x0000000705d00000, 0x0000000705d00000, 0x0000000705e00000|  0%| F|  |TAMS 0x0000000705d00000, 0x0000000705d00000| Untracked 
|  76|0x0000000705e00000, 0x0000000705e00000, 0x0000000705f00000|  0%| F|  |TAMS 0x0000000705e00000, 0x0000000705e00000| Untracked 
|  77|0x0000000705f00000, 0x0000000705f00000, 0x0000000706000000|  0%| F|  |TAMS 0x0000000705f00000, 0x0000000705f00000| Untracked 
|  78|0x0000000706000000, 0x0000000706000000, 0x0000000706100000|  0%| F|  |TAMS 0x0000000706000000, 0x0000000706000000| Untracked 
|  79|0x0000000706100000, 0x0000000706100000, 0x0000000706200000|  0%| F|  |TAMS 0x0000000706100000, 0x0000000706100000| Untracked 
|  80|0x0000000706200000, 0x0000000706200000, 0x0000000706300000|  0%| F|  |TAMS 0x0000000706200000, 0x0000000706200000| Untracked 
|  81|0x0000000706300000, 0x0000000706300000, 0x0000000706400000|  0%| F|  |TAMS 0x0000000706300000, 0x0000000706300000| Untracked 
|  82|0x0000000706400000, 0x0000000706400000, 0x0000000706500000|  0%| F|  |TAMS 0x0000000706400000, 0x0000000706400000| Untracked 
|  83|0x0000000706500000, 0x0000000706500000, 0x0000000706600000|  0%| F|  |TAMS 0x0000000706500000, 0x0000000706500000| Untracked 
|  84|0x0000000706600000, 0x0000000706600000, 0x0000000706700000|  0%| F|  |TAMS 0x0000000706600000, 0x0000000706600000| Untracked 
|  85|0x0000000706700000, 0x0000000706700000, 0x0000000706800000|  0%| F|  |TAMS 0x0000000706700000, 0x0000000706700000| Untracked 
|  86|0x0000000706800000, 0x0000000706800000, 0x0000000706900000|  0%| F|  |TAMS 0x0000000706800000, 0x0000000706800000| Untracked 
|  87|0x0000000706900000, 0x0000000706900000, 0x0000000706a00000|  0%| F|  |TAMS 0x0000000706900000, 0x0000000706900000| Untracked 
|  88|0x0000000706a00000, 0x0000000706a00000, 0x0000000706b00000|  0%| F|  |TAMS 0x0000000706a00000, 0x0000000706a00000| Untracked 
|  89|0x0000000706b00000, 0x0000000706b00000, 0x0000000706c00000|  0%| F|  |TAMS 0x0000000706b00000, 0x0000000706b00000| Untracked 
|  90|0x0000000706c00000, 0x0000000706c00000, 0x0000000706d00000|  0%| F|  |TAMS 0x0000000706c00000, 0x0000000706c00000| Untracked 
|  91|0x0000000706d00000, 0x0000000706d00000, 0x0000000706e00000|  0%| F|  |TAMS 0x0000000706d00000, 0x0000000706d00000| Untracked 
|  92|0x0000000706e00000, 0x0000000706e00000, 0x0000000706f00000|  0%| F|  |TAMS 0x0000000706e00000, 0x0000000706e00000| Untracked 
|  93|0x0000000706f00000, 0x0000000706f00000, 0x0000000707000000|  0%| F|  |TAMS 0x0000000706f00000, 0x0000000706f00000| Untracked 
|  94|0x0000000707000000, 0x0000000707000000, 0x0000000707100000|  0%| F|  |TAMS 0x0000000707000000, 0x0000000707000000| Untracked 
|  95|0x0000000707100000, 0x0000000707100000, 0x0000000707200000|  0%| F|  |TAMS 0x0000000707100000, 0x0000000707100000| Untracked 
|  96|0x0000000707200000, 0x0000000707200000, 0x0000000707300000|  0%| F|  |TAMS 0x0000000707200000, 0x0000000707200000| Untracked 
|  97|0x0000000707300000, 0x0000000707300000, 0x0000000707400000|  0%| F|  |TAMS 0x0000000707300000, 0x0000000707300000| Untracked 
|  98|0x0000000707400000, 0x0000000707400000, 0x0000000707500000|  0%| F|  |TAMS 0x0000000707400000, 0x0000000707400000| Untracked 
|  99|0x0000000707500000, 0x0000000707500000, 0x0000000707600000|  0%| F|  |TAMS 0x0000000707500000, 0x0000000707500000| Untracked 
| 100|0x0000000707600000, 0x0000000707600000, 0x0000000707700000|  0%| F|  |TAMS 0x0000000707600000, 0x0000000707600000| Untracked 
| 101|0x0000000707700000, 0x0000000707700000, 0x0000000707800000|  0%| F|  |TAMS 0x0000000707700000, 0x0000000707700000| Untracked 
| 102|0x0000000707800000, 0x0000000707800000, 0x0000000707900000|  0%| F|  |TAMS 0x0000000707800000, 0x0000000707800000| Untracked 
| 103|0x0000000707900000, 0x0000000707900000, 0x0000000707a00000|  0%| F|  |TAMS 0x0000000707900000, 0x0000000707900000| Untracked 
| 104|0x0000000707a00000, 0x0000000707a00000, 0x0000000707b00000|  0%| F|  |TAMS 0x0000000707a00000, 0x0000000707a00000| Untracked 
| 105|0x0000000707b00000, 0x0000000707b00000, 0x0000000707c00000|  0%| F|  |TAMS 0x0000000707b00000, 0x0000000707b00000| Untracked 
| 106|0x0000000707c00000, 0x0000000707c00000, 0x0000000707d00000|  0%| F|  |TAMS 0x0000000707c00000, 0x0000000707c00000| Untracked 
| 107|0x0000000707d00000, 0x0000000707d00000, 0x0000000707e00000|  0%| F|  |TAMS 0x0000000707d00000, 0x0000000707d00000| Untracked 
| 108|0x0000000707e00000, 0x0000000707e00000, 0x0000000707f00000|  0%| F|  |TAMS 0x0000000707e00000, 0x0000000707e00000| Untracked 
| 109|0x0000000707f00000, 0x0000000707f00000, 0x0000000708000000|  0%| F|  |TAMS 0x0000000707f00000, 0x0000000707f00000| Untracked 
| 110|0x0000000708000000, 0x0000000708000000, 0x0000000708100000|  0%| F|  |TAMS 0x0000000708000000, 0x0000000708000000| Untracked 
| 111|0x0000000708100000, 0x0000000708100000, 0x0000000708200000|  0%| F|  |TAMS 0x0000000708100000, 0x0000000708100000| Untracked 
| 112|0x0000000708200000, 0x0000000708200000, 0x0000000708300000|  0%| F|  |TAMS 0x0000000708200000, 0x0000000708200000| Untracked 
| 113|0x0000000708300000, 0x0000000708300000, 0x0000000708400000|  0%| F|  |TAMS 0x0000000708300000, 0x0000000708300000| Untracked 
| 114|0x0000000708400000, 0x0000000708400000, 0x0000000708500000|  0%| F|  |TAMS 0x0000000708400000, 0x0000000708400000| Untracked 
| 115|0x0000000708500000, 0x0000000708500000, 0x0000000708600000|  0%| F|  |TAMS 0x0000000708500000, 0x0000000708500000| Untracked 
| 116|0x0000000708600000, 0x0000000708600000, 0x0000000708700000|  0%| F|  |TAMS 0x0000000708600000, 0x0000000708600000| Untracked 
| 117|0x0000000708700000, 0x0000000708700000, 0x0000000708800000|  0%| F|  |TAMS 0x0000000708700000, 0x0000000708700000| Untracked 
| 118|0x0000000708800000, 0x0000000708800000, 0x0000000708900000|  0%| F|  |TAMS 0x0000000708800000, 0x0000000708800000| Untracked 
| 119|0x0000000708900000, 0x0000000708900000, 0x0000000708a00000|  0%| F|  |TAMS 0x0000000708900000, 0x0000000708900000| Untracked 
| 120|0x0000000708a00000, 0x0000000708a00000, 0x0000000708b00000|  0%| F|  |TAMS 0x0000000708a00000, 0x0000000708a00000| Untracked 
| 121|0x0000000708b00000, 0x0000000708b00000, 0x0000000708c00000|  0%| F|  |TAMS 0x0000000708b00000, 0x0000000708b00000| Untracked 
| 122|0x0000000708c00000, 0x0000000708c00000, 0x0000000708d00000|  0%| F|  |TAMS 0x0000000708c00000, 0x0000000708c00000| Untracked 
| 123|0x0000000708d00000, 0x0000000708d00000, 0x0000000708e00000|  0%| F|  |TAMS 0x0000000708d00000, 0x0000000708d00000| Untracked 
| 124|0x0000000708e00000, 0x0000000708e00000, 0x0000000708f00000|  0%| F|  |TAMS 0x0000000708e00000, 0x0000000708e00000| Untracked 
| 125|0x0000000708f00000, 0x0000000708f00000, 0x0000000709000000|  0%| F|  |TAMS 0x0000000708f00000, 0x0000000708f00000| Untracked 
| 126|0x0000000709000000, 0x0000000709000000, 0x0000000709100000|  0%| F|  |TAMS 0x0000000709000000, 0x0000000709000000| Untracked 
| 127|0x0000000709100000, 0x0000000709100000, 0x0000000709200000|  0%| F|  |TAMS 0x0000000709100000, 0x0000000709100000| Untracked 
| 128|0x0000000709200000, 0x0000000709200000, 0x0000000709300000|  0%| F|  |TAMS 0x0000000709200000, 0x0000000709200000| Untracked 
| 129|0x0000000709300000, 0x0000000709300000, 0x0000000709400000|  0%| F|  |TAMS 0x0000000709300000, 0x0000000709300000| Untracked 
| 130|0x0000000709400000, 0x0000000709400000, 0x0000000709500000|  0%| F|  |TAMS 0x0000000709400000, 0x0000000709400000| Untracked 
| 131|0x0000000709500000, 0x0000000709500000, 0x0000000709600000|  0%| F|  |TAMS 0x0000000709500000, 0x0000000709500000| Untracked 
| 132|0x0000000709600000, 0x0000000709600000, 0x0000000709700000|  0%| F|  |TAMS 0x0000000709600000, 0x0000000709600000| Untracked 
| 133|0x0000000709700000, 0x0000000709700000, 0x0000000709800000|  0%| F|  |TAMS 0x0000000709700000, 0x0000000709700000| Untracked 
| 134|0x0000000709800000, 0x0000000709800000, 0x0000000709900000|  0%| F|  |TAMS 0x0000000709800000, 0x0000000709800000| Untracked 
| 135|0x0000000709900000, 0x0000000709900000, 0x0000000709a00000|  0%| F|  |TAMS 0x0000000709900000, 0x0000000709900000| Untracked 
| 136|0x0000000709a00000, 0x0000000709a00000, 0x0000000709b00000|  0%| F|  |TAMS 0x0000000709a00000, 0x0000000709a00000| Untracked 
| 137|0x0000000709b00000, 0x0000000709b00000, 0x0000000709c00000|  0%| F|  |TAMS 0x0000000709b00000, 0x0000000709b00000| Untracked 
| 138|0x0000000709c00000, 0x0000000709c00000, 0x0000000709d00000|  0%| F|  |TAMS 0x0000000709c00000, 0x0000000709c00000| Untracked 
| 139|0x0000000709d00000, 0x0000000709d00000, 0x0000000709e00000|  0%| F|  |TAMS 0x0000000709d00000, 0x0000000709d00000| Untracked 
| 140|0x0000000709e00000, 0x0000000709e00000, 0x0000000709f00000|  0%| F|  |TAMS 0x0000000709e00000, 0x0000000709e00000| Untracked 
| 141|0x0000000709f00000, 0x0000000709f00000, 0x000000070a000000|  0%| F|  |TAMS 0x0000000709f00000, 0x0000000709f00000| Untracked 
| 142|0x000000070a000000, 0x000000070a000000, 0x000000070a100000|  0%| F|  |TAMS 0x000000070a000000, 0x000000070a000000| Untracked 
| 143|0x000000070a100000, 0x000000070a100000, 0x000000070a200000|  0%| F|  |TAMS 0x000000070a100000, 0x000000070a100000| Untracked 
| 144|0x000000070a200000, 0x000000070a200000, 0x000000070a300000|  0%| F|  |TAMS 0x000000070a200000, 0x000000070a200000| Untracked 
| 145|0x000000070a300000, 0x000000070a300000, 0x000000070a400000|  0%| F|  |TAMS 0x000000070a300000, 0x000000070a300000| Untracked 
| 146|0x000000070a400000, 0x000000070a400000, 0x000000070a500000|  0%| F|  |TAMS 0x000000070a400000, 0x000000070a400000| Untracked 
| 147|0x000000070a500000, 0x000000070a500000, 0x000000070a600000|  0%| F|  |TAMS 0x000000070a500000, 0x000000070a500000| Untracked 
| 148|0x000000070a600000, 0x000000070a600000, 0x000000070a700000|  0%| F|  |TAMS 0x000000070a600000, 0x000000070a600000| Untracked 
| 149|0x000000070a700000, 0x000000070a700000, 0x000000070a800000|  0%| F|  |TAMS 0x000000070a700000, 0x000000070a700000| Untracked 
| 150|0x000000070a800000, 0x000000070a800000, 0x000000070a900000|  0%| F|  |TAMS 0x000000070a800000, 0x000000070a800000| Untracked 
| 151|0x000000070a900000, 0x000000070a900000, 0x000000070aa00000|  0%| F|  |TAMS 0x000000070a900000, 0x000000070a900000| Untracked 
| 152|0x000000070aa00000, 0x000000070aa00000, 0x000000070ab00000|  0%| F|  |TAMS 0x000000070aa00000, 0x000000070aa00000| Untracked 
| 153|0x000000070ab00000, 0x000000070ab00000, 0x000000070ac00000|  0%| F|  |TAMS 0x000000070ab00000, 0x000000070ab00000| Untracked 
| 154|0x000000070ac00000, 0x000000070ac00000, 0x000000070ad00000|  0%| F|  |TAMS 0x000000070ac00000, 0x000000070ac00000| Untracked 
| 155|0x000000070ad00000, 0x000000070ad00000, 0x000000070ae00000|  0%| F|  |TAMS 0x000000070ad00000, 0x000000070ad00000| Untracked 
| 156|0x000000070ae00000, 0x000000070ae00000, 0x000000070af00000|  0%| F|  |TAMS 0x000000070ae00000, 0x000000070ae00000| Untracked 
| 157|0x000000070af00000, 0x000000070af00000, 0x000000070b000000|  0%| F|  |TAMS 0x000000070af00000, 0x000000070af00000| Untracked 
| 158|0x000000070b000000, 0x000000070b000000, 0x000000070b100000|  0%| F|  |TAMS 0x000000070b000000, 0x000000070b000000| Untracked 
| 159|0x000000070b100000, 0x000000070b100000, 0x000000070b200000|  0%| F|  |TAMS 0x000000070b100000, 0x000000070b100000| Untracked 
| 160|0x000000070b200000, 0x000000070b200000, 0x000000070b300000|  0%| F|  |TAMS 0x000000070b200000, 0x000000070b200000| Untracked 
| 161|0x000000070b300000, 0x000000070b300000, 0x000000070b400000|  0%| F|  |TAMS 0x000000070b300000, 0x000000070b300000| Untracked 
| 162|0x000000070b400000, 0x000000070b400000, 0x000000070b500000|  0%| F|  |TAMS 0x000000070b400000, 0x000000070b400000| Untracked 
| 163|0x000000070b500000, 0x000000070b500000, 0x000000070b600000|  0%| F|  |TAMS 0x000000070b500000, 0x000000070b500000| Untracked 
| 164|0x000000070b600000, 0x000000070b600000, 0x000000070b700000|  0%| F|  |TAMS 0x000000070b600000, 0x000000070b600000| Untracked 
| 165|0x000000070b700000, 0x000000070b700000, 0x000000070b800000|  0%| F|  |TAMS 0x000000070b700000, 0x000000070b700000| Untracked 
| 166|0x000000070b800000, 0x000000070b800000, 0x000000070b900000|  0%| F|  |TAMS 0x000000070b800000, 0x000000070b800000| Untracked 
| 167|0x000000070b900000, 0x000000070b900000, 0x000000070ba00000|  0%| F|  |TAMS 0x000000070b900000, 0x000000070b900000| Untracked 
| 168|0x000000070ba00000, 0x000000070ba00000, 0x000000070bb00000|  0%| F|  |TAMS 0x000000070ba00000, 0x000000070ba00000| Untracked 
| 169|0x000000070bb00000, 0x000000070bb00000, 0x000000070bc00000|  0%| F|  |TAMS 0x000000070bb00000, 0x000000070bb00000| Untracked 
| 170|0x000000070bc00000, 0x000000070bc00000, 0x000000070bd00000|  0%| F|  |TAMS 0x000000070bc00000, 0x000000070bc00000| Untracked 
| 171|0x000000070bd00000, 0x000000070bd00000, 0x000000070be00000|  0%| F|  |TAMS 0x000000070bd00000, 0x000000070bd00000| Untracked 
| 172|0x000000070be00000, 0x000000070be00000, 0x000000070bf00000|  0%| F|  |TAMS 0x000000070be00000, 0x000000070be00000| Untracked 
| 173|0x000000070bf00000, 0x000000070bf00000, 0x000000070c000000|  0%| F|  |TAMS 0x000000070bf00000, 0x000000070bf00000| Untracked 
| 174|0x000000070c000000, 0x000000070c000000, 0x000000070c100000|  0%| F|  |TAMS 0x000000070c000000, 0x000000070c000000| Untracked 
| 175|0x000000070c100000, 0x000000070c100000, 0x000000070c200000|  0%| F|  |TAMS 0x000000070c100000, 0x000000070c100000| Untracked 
| 176|0x000000070c200000, 0x000000070c200000, 0x000000070c300000|  0%| F|  |TAMS 0x000000070c200000, 0x000000070c200000| Untracked 
| 177|0x000000070c300000, 0x000000070c300000, 0x000000070c400000|  0%| F|  |TAMS 0x000000070c300000, 0x000000070c300000| Untracked 
| 178|0x000000070c400000, 0x000000070c500000, 0x000000070c500000|100%| E|  |TAMS 0x000000070c400000, 0x000000070c400000| Complete 
| 179|0x000000070c500000, 0x000000070c600000, 0x000000070c600000|100%| E|CS|TAMS 0x000000070c500000, 0x000000070c500000| Complete 
| 180|0x000000070c600000, 0x000000070c700000, 0x000000070c700000|100%| E|CS|TAMS 0x000000070c600000, 0x000000070c600000| Complete 
| 181|0x000000070c700000, 0x000000070c800000, 0x000000070c800000|100%| E|CS|TAMS 0x000000070c700000, 0x000000070c700000| Complete 
| 182|0x000000070c800000, 0x000000070c900000, 0x000000070c900000|100%| E|CS|TAMS 0x000000070c800000, 0x000000070c800000| Complete 
| 183|0x000000070c900000, 0x000000070ca00000, 0x000000070ca00000|100%| E|CS|TAMS 0x000000070c900000, 0x000000070c900000| Complete 
| 184|0x000000070ca00000, 0x000000070cb00000, 0x000000070cb00000|100%| E|CS|TAMS 0x000000070ca00000, 0x000000070ca00000| Complete 
| 185|0x000000070cb00000, 0x000000070cc00000, 0x000000070cc00000|100%| E|CS|TAMS 0x000000070cb00000, 0x000000070cb00000| Complete 
| 186|0x000000070cc00000, 0x000000070cd00000, 0x000000070cd00000|100%| E|CS|TAMS 0x000000070cc00000, 0x000000070cc00000| Complete 
| 187|0x000000070cd00000, 0x000000070ce00000, 0x000000070ce00000|100%| E|CS|TAMS 0x000000070cd00000, 0x000000070cd00000| Complete 
| 188|0x000000070ce00000, 0x000000070cf00000, 0x000000070cf00000|100%| E|CS|TAMS 0x000000070ce00000, 0x000000070ce00000| Complete 
| 189|0x000000070cf00000, 0x000000070d000000, 0x000000070d000000|100%| E|CS|TAMS 0x000000070cf00000, 0x000000070cf00000| Complete 
| 190|0x000000070d000000, 0x000000070d100000, 0x000000070d100000|100%| E|CS|TAMS 0x000000070d000000, 0x000000070d000000| Complete 
| 191|0x000000070d100000, 0x000000070d200000, 0x000000070d200000|100%| E|CS|TAMS 0x000000070d100000, 0x000000070d100000| Complete 
| 192|0x000000070d200000, 0x000000070d300000, 0x000000070d300000|100%| E|CS|TAMS 0x000000070d200000, 0x000000070d200000| Complete 
| 193|0x000000070d300000, 0x000000070d400000, 0x000000070d400000|100%| E|CS|TAMS 0x000000070d300000, 0x000000070d300000| Complete 
| 194|0x000000070d400000, 0x000000070d500000, 0x000000070d500000|100%| E|CS|TAMS 0x000000070d400000, 0x000000070d400000| Complete 
| 195|0x000000070d500000, 0x000000070d600000, 0x000000070d600000|100%| E|CS|TAMS 0x000000070d500000, 0x000000070d500000| Complete 
| 196|0x000000070d600000, 0x000000070d700000, 0x000000070d700000|100%| E|CS|TAMS 0x000000070d600000, 0x000000070d600000| Complete 
| 197|0x000000070d700000, 0x000000070d800000, 0x000000070d800000|100%| E|CS|TAMS 0x000000070d700000, 0x000000070d700000| Complete 
| 198|0x000000070d800000, 0x000000070d900000, 0x000000070d900000|100%| E|CS|TAMS 0x000000070d800000, 0x000000070d800000| Complete 
| 199|0x000000070d900000, 0x000000070da00000, 0x000000070da00000|100%| E|CS|TAMS 0x000000070d900000, 0x000000070d900000| Complete 
| 200|0x000000070da00000, 0x000000070db00000, 0x000000070db00000|100%| E|CS|TAMS 0x000000070da00000, 0x000000070da00000| Complete 
| 201|0x000000070db00000, 0x000000070dc00000, 0x000000070dc00000|100%| E|CS|TAMS 0x000000070db00000, 0x000000070db00000| Complete 
| 202|0x000000070dc00000, 0x000000070dd00000, 0x000000070dd00000|100%| E|CS|TAMS 0x000000070dc00000, 0x000000070dc00000| Complete 
| 203|0x000000070dd00000, 0x000000070de00000, 0x000000070de00000|100%| E|CS|TAMS 0x000000070dd00000, 0x000000070dd00000| Complete 
| 204|0x000000070de00000, 0x000000070df00000, 0x000000070df00000|100%| E|CS|TAMS 0x000000070de00000, 0x000000070de00000| Complete 
| 205|0x000000070df00000, 0x000000070e000000, 0x000000070e000000|100%| E|CS|TAMS 0x000000070df00000, 0x000000070df00000| Complete 
| 206|0x000000070e000000, 0x000000070e100000, 0x000000070e100000|100%| E|CS|TAMS 0x000000070e000000, 0x000000070e000000| Complete 
| 207|0x000000070e100000, 0x000000070e200000, 0x000000070e200000|100%| E|CS|TAMS 0x000000070e100000, 0x000000070e100000| Complete 
| 208|0x000000070e200000, 0x000000070e300000, 0x000000070e300000|100%| E|CS|TAMS 0x000000070e200000, 0x000000070e200000| Complete 
| 209|0x000000070e300000, 0x000000070e400000, 0x000000070e400000|100%| E|CS|TAMS 0x000000070e300000, 0x000000070e300000| Complete 
| 210|0x000000070e400000, 0x000000070e500000, 0x000000070e500000|100%| E|CS|TAMS 0x000000070e400000, 0x000000070e400000| Complete 
| 211|0x000000070e500000, 0x000000070e600000, 0x000000070e600000|100%| E|CS|TAMS 0x000000070e500000, 0x000000070e500000| Complete 
| 212|0x000000070e600000, 0x000000070e700000, 0x000000070e700000|100%| E|CS|TAMS 0x000000070e600000, 0x000000070e600000| Complete 
| 213|0x000000070e700000, 0x000000070e800000, 0x000000070e800000|100%| E|CS|TAMS 0x000000070e700000, 0x000000070e700000| Complete 
| 214|0x000000070e800000, 0x000000070e900000, 0x000000070e900000|100%| E|CS|TAMS 0x000000070e800000, 0x000000070e800000| Complete 
| 215|0x000000070e900000, 0x000000070ea00000, 0x000000070ea00000|100%| E|CS|TAMS 0x000000070e900000, 0x000000070e900000| Complete 
| 216|0x000000070ea00000, 0x000000070eb00000, 0x000000070eb00000|100%| E|CS|TAMS 0x000000070ea00000, 0x000000070ea00000| Complete 
| 217|0x000000070eb00000, 0x000000070ec00000, 0x000000070ec00000|100%| E|CS|TAMS 0x000000070eb00000, 0x000000070eb00000| Complete 
| 218|0x000000070ec00000, 0x000000070ed00000, 0x000000070ed00000|100%| E|CS|TAMS 0x000000070ec00000, 0x000000070ec00000| Complete 
| 219|0x000000070ed00000, 0x000000070ee00000, 0x000000070ee00000|100%| E|CS|TAMS 0x000000070ed00000, 0x000000070ed00000| Complete 
| 220|0x000000070ee00000, 0x000000070ef00000, 0x000000070ef00000|100%| E|CS|TAMS 0x000000070ee00000, 0x000000070ee00000| Complete 
| 221|0x000000070ef00000, 0x000000070f000000, 0x000000070f000000|100%| E|CS|TAMS 0x000000070ef00000, 0x000000070ef00000| Complete 
| 222|0x000000070f000000, 0x000000070f100000, 0x000000070f100000|100%| E|CS|TAMS 0x000000070f000000, 0x000000070f000000| Complete 
| 223|0x000000070f100000, 0x000000070f200000, 0x000000070f200000|100%| E|CS|TAMS 0x000000070f100000, 0x000000070f100000| Complete 
| 224|0x000000070f200000, 0x000000070f300000, 0x000000070f300000|100%| E|CS|TAMS 0x000000070f200000, 0x000000070f200000| Complete 
| 225|0x000000070f300000, 0x000000070f400000, 0x000000070f400000|100%| E|CS|TAMS 0x000000070f300000, 0x000000070f300000| Complete 
| 226|0x000000070f400000, 0x000000070f500000, 0x000000070f500000|100%| E|CS|TAMS 0x000000070f400000, 0x000000070f400000| Complete 
| 227|0x000000070f500000, 0x000000070f600000, 0x000000070f600000|100%| E|CS|TAMS 0x000000070f500000, 0x000000070f500000| Complete 
| 228|0x000000070f600000, 0x000000070f700000, 0x000000070f700000|100%| E|CS|TAMS 0x000000070f600000, 0x000000070f600000| Complete 
| 229|0x000000070f700000, 0x000000070f800000, 0x000000070f800000|100%| E|CS|TAMS 0x000000070f700000, 0x000000070f700000| Complete 
| 230|0x000000070f800000, 0x000000070f900000, 0x000000070f900000|100%| E|CS|TAMS 0x000000070f800000, 0x000000070f800000| Complete 
| 231|0x000000070f900000, 0x000000070fa00000, 0x000000070fa00000|100%| E|CS|TAMS 0x000000070f900000, 0x000000070f900000| Complete 
| 232|0x000000070fa00000, 0x000000070fb00000, 0x000000070fb00000|100%| E|CS|TAMS 0x000000070fa00000, 0x000000070fa00000| Complete 
| 233|0x000000070fb00000, 0x000000070fc00000, 0x000000070fc00000|100%| E|CS|TAMS 0x000000070fb00000, 0x000000070fb00000| Complete 
| 234|0x000000070fc00000, 0x000000070fd00000, 0x000000070fd00000|100%| E|CS|TAMS 0x000000070fc00000, 0x000000070fc00000| Complete 
| 235|0x000000070fd00000, 0x000000070fe00000, 0x000000070fe00000|100%| E|CS|TAMS 0x000000070fd00000, 0x000000070fd00000| Complete 
| 236|0x000000070fe00000, 0x000000070ff00000, 0x000000070ff00000|100%| E|CS|TAMS 0x000000070fe00000, 0x000000070fe00000| Complete 
| 237|0x000000070ff00000, 0x0000000710000000, 0x0000000710000000|100%| E|CS|TAMS 0x000000070ff00000, 0x000000070ff00000| Complete 
| 238|0x0000000710000000, 0x0000000710100000, 0x0000000710100000|100%| E|CS|TAMS 0x0000000710000000, 0x0000000710000000| Complete 
| 239|0x0000000710100000, 0x0000000710200000, 0x0000000710200000|100%| E|CS|TAMS 0x0000000710100000, 0x0000000710100000| Complete 
| 240|0x0000000710200000, 0x0000000710300000, 0x0000000710300000|100%| E|CS|TAMS 0x0000000710200000, 0x0000000710200000| Complete 
| 241|0x0000000710300000, 0x0000000710400000, 0x0000000710400000|100%| E|CS|TAMS 0x0000000710300000, 0x0000000710300000| Complete 
| 242|0x0000000710400000, 0x0000000710500000, 0x0000000710500000|100%| E|CS|TAMS 0x0000000710400000, 0x0000000710400000| Complete 
| 243|0x0000000710500000, 0x0000000710600000, 0x0000000710600000|100%| E|CS|TAMS 0x0000000710500000, 0x0000000710500000| Complete 
| 244|0x0000000710600000, 0x0000000710700000, 0x0000000710700000|100%| E|CS|TAMS 0x0000000710600000, 0x0000000710600000| Complete 
| 245|0x0000000710700000, 0x0000000710800000, 0x0000000710800000|100%| E|CS|TAMS 0x0000000710700000, 0x0000000710700000| Complete 
| 246|0x0000000710800000, 0x0000000710900000, 0x0000000710900000|100%| E|CS|TAMS 0x0000000710800000, 0x0000000710800000| Complete 
| 247|0x0000000710900000, 0x0000000710a00000, 0x0000000710a00000|100%| E|CS|TAMS 0x0000000710900000, 0x0000000710900000| Complete 
| 248|0x0000000710a00000, 0x0000000710b00000, 0x0000000710b00000|100%| E|CS|TAMS 0x0000000710a00000, 0x0000000710a00000| Complete 
| 249|0x0000000710b00000, 0x0000000710c00000, 0x0000000710c00000|100%| E|CS|TAMS 0x0000000710b00000, 0x0000000710b00000| Complete 
| 250|0x0000000710c00000, 0x0000000710d00000, 0x0000000710d00000|100%| E|CS|TAMS 0x0000000710c00000, 0x0000000710c00000| Complete 
| 251|0x0000000710d00000, 0x0000000710e00000, 0x0000000710e00000|100%| E|CS|TAMS 0x0000000710d00000, 0x0000000710d00000| Complete 
| 252|0x0000000710e00000, 0x0000000710f00000, 0x0000000710f00000|100%| E|CS|TAMS 0x0000000710e00000, 0x0000000710e00000| Complete 
| 253|0x0000000710f00000, 0x0000000711000000, 0x0000000711000000|100%| E|CS|TAMS 0x0000000710f00000, 0x0000000710f00000| Complete 
| 254|0x0000000711000000, 0x0000000711100000, 0x0000000711100000|100%| E|CS|TAMS 0x0000000711000000, 0x0000000711000000| Complete 
| 255|0x0000000711100000, 0x0000000711200000, 0x0000000711200000|100%| E|CS|TAMS 0x0000000711100000, 0x0000000711100000| Complete 
| 256|0x0000000711200000, 0x0000000711300000, 0x0000000711300000|100%| E|CS|TAMS 0x0000000711200000, 0x0000000711200000| Complete 
| 257|0x0000000711300000, 0x0000000711400000, 0x0000000711400000|100%| E|CS|TAMS 0x0000000711300000, 0x0000000711300000| Complete 
| 258|0x0000000711400000, 0x0000000711500000, 0x0000000711500000|100%| E|CS|TAMS 0x0000000711400000, 0x0000000711400000| Complete 
| 259|0x0000000711500000, 0x0000000711600000, 0x0000000711600000|100%| E|CS|TAMS 0x0000000711500000, 0x0000000711500000| Complete 
| 260|0x0000000711600000, 0x0000000711700000, 0x0000000711700000|100%| E|CS|TAMS 0x0000000711600000, 0x0000000711600000| Complete 
| 261|0x0000000711700000, 0x000000071177bd68, 0x0000000711800000| 48%| S|CS|TAMS 0x0000000711700000, 0x0000000711700000| Complete 
| 262|0x0000000711800000, 0x0000000711900000, 0x0000000711900000|100%| S|CS|TAMS 0x0000000711800000, 0x0000000711800000| Complete 
| 263|0x0000000711900000, 0x0000000711a00000, 0x0000000711a00000|100%| S|CS|TAMS 0x0000000711900000, 0x0000000711900000| Complete 
| 264|0x0000000711a00000, 0x0000000711b00000, 0x0000000711b00000|100%| S|CS|TAMS 0x0000000711a00000, 0x0000000711a00000| Complete 
| 265|0x0000000711b00000, 0x0000000711c00000, 0x0000000711c00000|100%| S|CS|TAMS 0x0000000711b00000, 0x0000000711b00000| Complete 
| 266|0x0000000711c00000, 0x0000000711d00000, 0x0000000711d00000|100%| S|CS|TAMS 0x0000000711c00000, 0x0000000711c00000| Complete 
| 267|0x0000000711d00000, 0x0000000711e00000, 0x0000000711e00000|100%| S|CS|TAMS 0x0000000711d00000, 0x0000000711d00000| Complete 
| 268|0x0000000711e00000, 0x0000000711f00000, 0x0000000711f00000|100%| S|CS|TAMS 0x0000000711e00000, 0x0000000711e00000| Complete 
| 269|0x0000000711f00000, 0x0000000712000000, 0x0000000712000000|100%| S|CS|TAMS 0x0000000711f00000, 0x0000000711f00000| Complete 
| 270|0x0000000712000000, 0x0000000712100000, 0x0000000712100000|100%| S|CS|TAMS 0x0000000712000000, 0x0000000712000000| Complete 
| 271|0x0000000712100000, 0x0000000712200000, 0x0000000712200000|100%| S|CS|TAMS 0x0000000712100000, 0x0000000712100000| Complete 
| 272|0x0000000712200000, 0x0000000712300000, 0x0000000712300000|100%| S|CS|TAMS 0x0000000712200000, 0x0000000712200000| Complete 
| 273|0x0000000712300000, 0x0000000712400000, 0x0000000712400000|100%| S|CS|TAMS 0x0000000712300000, 0x0000000712300000| Complete 
| 274|0x0000000712400000, 0x0000000712500000, 0x0000000712500000|100%| S|CS|TAMS 0x0000000712400000, 0x0000000712400000| Complete 
| 275|0x0000000712500000, 0x0000000712600000, 0x0000000712600000|100%| E|CS|TAMS 0x0000000712500000, 0x0000000712500000| Complete 
| 276|0x0000000712600000, 0x0000000712700000, 0x0000000712700000|100%| E|CS|TAMS 0x0000000712600000, 0x0000000712600000| Complete 
| 277|0x0000000712700000, 0x0000000712800000, 0x0000000712800000|100%| E|CS|TAMS 0x0000000712700000, 0x0000000712700000| Complete 
| 278|0x0000000712800000, 0x0000000712900000, 0x0000000712900000|100%| E|CS|TAMS 0x0000000712800000, 0x0000000712800000| Complete 
| 279|0x0000000712900000, 0x0000000712a00000, 0x0000000712a00000|100%| E|CS|TAMS 0x0000000712900000, 0x0000000712900000| Complete 
| 280|0x0000000712a00000, 0x0000000712b00000, 0x0000000712b00000|100%| E|CS|TAMS 0x0000000712a00000, 0x0000000712a00000| Complete 
| 281|0x0000000712b00000, 0x0000000712c00000, 0x0000000712c00000|100%| E|CS|TAMS 0x0000000712b00000, 0x0000000712b00000| Complete 
| 282|0x0000000712c00000, 0x0000000712d00000, 0x0000000712d00000|100%| E|CS|TAMS 0x0000000712c00000, 0x0000000712c00000| Complete 
| 283|0x0000000712d00000, 0x0000000712e00000, 0x0000000712e00000|100%| E|CS|TAMS 0x0000000712d00000, 0x0000000712d00000| Complete 
| 284|0x0000000712e00000, 0x0000000712f00000, 0x0000000712f00000|100%| E|CS|TAMS 0x0000000712e00000, 0x0000000712e00000| Complete 
| 285|0x0000000712f00000, 0x0000000713000000, 0x0000000713000000|100%| E|CS|TAMS 0x0000000712f00000, 0x0000000712f00000| Complete 
| 286|0x0000000713000000, 0x0000000713100000, 0x0000000713100000|100%| E|CS|TAMS 0x0000000713000000, 0x0000000713000000| Complete 
| 287|0x0000000713100000, 0x0000000713200000, 0x0000000713200000|100%| E|CS|TAMS 0x0000000713100000, 0x0000000713100000| Complete 
| 288|0x0000000713200000, 0x0000000713300000, 0x0000000713300000|100%| E|CS|TAMS 0x0000000713200000, 0x0000000713200000| Complete 
| 289|0x0000000713300000, 0x0000000713400000, 0x0000000713400000|100%| E|CS|TAMS 0x0000000713300000, 0x0000000713300000| Complete 
| 290|0x0000000713400000, 0x0000000713500000, 0x0000000713500000|100%| E|CS|TAMS 0x0000000713400000, 0x0000000713400000| Complete 
| 291|0x0000000713500000, 0x0000000713600000, 0x0000000713600000|100%| E|CS|TAMS 0x0000000713500000, 0x0000000713500000| Complete 
| 292|0x0000000713600000, 0x0000000713700000, 0x0000000713700000|100%| E|CS|TAMS 0x0000000713600000, 0x0000000713600000| Complete 
| 293|0x0000000713700000, 0x0000000713800000, 0x0000000713800000|100%| E|CS|TAMS 0x0000000713700000, 0x0000000713700000| Complete 
| 294|0x0000000713800000, 0x0000000713900000, 0x0000000713900000|100%| E|CS|TAMS 0x0000000713800000, 0x0000000713800000| Complete 
| 295|0x0000000713900000, 0x0000000713a00000, 0x0000000713a00000|100%| E|CS|TAMS 0x0000000713900000, 0x0000000713900000| Complete 
| 296|0x0000000713a00000, 0x0000000713b00000, 0x0000000713b00000|100%| E|CS|TAMS 0x0000000713a00000, 0x0000000713a00000| Complete 
| 297|0x0000000713b00000, 0x0000000713c00000, 0x0000000713c00000|100%| E|CS|TAMS 0x0000000713b00000, 0x0000000713b00000| Complete 
| 298|0x0000000713c00000, 0x0000000713d00000, 0x0000000713d00000|100%| E|CS|TAMS 0x0000000713c00000, 0x0000000713c00000| Complete 
| 299|0x0000000713d00000, 0x0000000713e00000, 0x0000000713e00000|100%| E|CS|TAMS 0x0000000713d00000, 0x0000000713d00000| Complete 
| 300|0x0000000713e00000, 0x0000000713f00000, 0x0000000713f00000|100%| E|CS|TAMS 0x0000000713e00000, 0x0000000713e00000| Complete 
| 301|0x0000000713f00000, 0x0000000714000000, 0x0000000714000000|100%| E|CS|TAMS 0x0000000713f00000, 0x0000000713f00000| Complete 
| 302|0x0000000714000000, 0x0000000714100000, 0x0000000714100000|100%| E|CS|TAMS 0x0000000714000000, 0x0000000714000000| Complete 
| 303|0x0000000714100000, 0x0000000714200000, 0x0000000714200000|100%| E|CS|TAMS 0x0000000714100000, 0x0000000714100000| Complete 
| 304|0x0000000714200000, 0x0000000714300000, 0x0000000714300000|100%| E|CS|TAMS 0x0000000714200000, 0x0000000714200000| Complete 
| 305|0x0000000714300000, 0x0000000714400000, 0x0000000714400000|100%| E|CS|TAMS 0x0000000714300000, 0x0000000714300000| Complete 
| 306|0x0000000714400000, 0x0000000714500000, 0x0000000714500000|100%| E|CS|TAMS 0x0000000714400000, 0x0000000714400000| Complete 
| 307|0x0000000714500000, 0x0000000714600000, 0x0000000714600000|100%| E|CS|TAMS 0x0000000714500000, 0x0000000714500000| Complete 

Card table byte_map: [0x0000016adbd80000,0x0000016adc580000] _byte_map_base: 0x0000016ad8577000

Marking Bits (Prev, Next): (CMBitMap*) 0x0000016ac42af6e0, (CMBitMap*) 0x0000016ac42af6a8
 Prev Bits: [0x0000016ae0d40000, 0x0000016ae4cf8000)
 Next Bits: [0x0000016adcd80000, 0x0000016ae0d38000)

Polling page: 0x0000016ac39f0000

Metaspace:

Usage:
  Non-class:     60.08 MB capacity,    59.20 MB ( 99%) used,   704.24 KB (  1%) free+waste,   196.38 KB ( <1%) overhead. 
      Class:      9.21 MB capacity,     8.63 MB ( 94%) used,   499.77 KB (  5%) free+waste,    90.00 KB ( <1%) overhead. 
       Both:     69.29 MB capacity,    67.83 MB ( 98%) used,     1.18 MB (  2%) free+waste,   286.38 KB ( <1%) overhead. 

Virtual space:
  Non-class space:       62.00 MB reserved,      60.25 MB ( 97%) committed 
      Class space:        1.00 GB reserved,       9.32 MB ( <1%) committed 
             Both:        1.06 GB reserved,      69.57 MB (  6%) committed 

Chunk freelists:
   Non-Class:  5.75 KB
       Class:  1.25 KB
        Both:  7.00 KB

CodeHeap 'non-profiled nmethods': size=120064Kb used=3873Kb max_used=3873Kb free=116190Kb
 bounds [0x0000016ad4040000, 0x0000016ad4410000, 0x0000016adb580000]
CodeHeap 'profiled nmethods': size=120000Kb used=12076Kb max_used=12076Kb free=107923Kb
 bounds [0x0000016accb10000, 0x0000016acd6e0000, 0x0000016ad4040000]
CodeHeap 'non-nmethods': size=5696Kb used=1244Kb max_used=1294Kb free=4451Kb
 bounds [0x0000016acc580000, 0x0000016acc7f0000, 0x0000016accb10000]
 total_blobs=7359 nmethods=5325 adapters=522
 compilation: enabled
              stopped_count=0, restarted_count=0
 full_count=0

Compilation events (10 events):
Event: 84038.467 Thread 0x0000016ae7b47000 nmethod 5489 0x0000016ad4403e10 code [0x0000016ad4403fc0, 0x0000016ad4404138]
Event: 84047.926 Thread 0x0000016ae7b47000 5490       3       java.util.concurrent.atomic.AtomicLong::incrementAndGet (14 bytes)
Event: 84047.927 Thread 0x0000016ae7b47000 nmethod 5490 0x0000016acd6dc810 code [0x0000016acd6dc9c0, 0x0000016acd6dcb38]
Event: 84047.927 Thread 0x0000016ae7b47000 5491       3       org.h2.jdbc.JdbcConnection::setNetworkTimeout (1 bytes)
Event: 84047.927 Thread 0x0000016ae7b47000 nmethod 5491 0x0000016acd6dcc10 code [0x0000016acd6dcdc0, 0x0000016acd6dcf18]
Event: 84852.912 Thread 0x0000016ae7b36800 5492       4       java.util.AbstractCollection::addAll (42 bytes)
Event: 84852.939 Thread 0x0000016ae7b36800 nmethod 5492 0x0000016ad4404190 code [0x0000016ad4404340, 0x0000016ad4404458]
Event: 93442.198 Thread 0x0000016ae7b36800 5493 % !   4       java.util.concurrent.ThreadPoolExecutor::runWorker @ 21 (187 bytes)
Event: 93442.305 Thread 0x0000016ae7b36800 nmethod 5493% 0x0000016ad4404610 code [0x0000016ad4404980, 0x0000016ad4406ac0]
Event: 121283.939 Thread 0x0000016ae7b36800 5494   !   4       java.util.concurrent.ThreadPoolExecutor::runWorker (187 bytes)

GC Heap History (10 events):
Event: 2.398 GC heap before
{Heap before GC invocations=5 (full 0):
 garbage-first heap   total 262144K, used 50589K [0x0000000701200000, 0x0000000800000000)
  region size 1024K, 45 young (46080K), 3 survivors (3072K)
 Metaspace       used 25792K, capacity 26343K, committed 26496K, reserved 1073152K
  class space    used 3001K, capacity 3196K, committed 3200K, reserved 1048576K
}
Event: 2.404 GC heap after
{Heap after GC invocations=6 (full 0):
 garbage-first heap   total 262144K, used 9531K [0x0000000701200000, 0x0000000800000000)
  region size 1024K, 4 young (4096K), 4 survivors (4096K)
 Metaspace       used 25792K, capacity 26343K, committed 26496K, reserved 1073152K
  class space    used 3001K, capacity 3196K, committed 3200K, reserved 1048576K
}
Event: 4.507 GC heap before
{Heap before GC invocations=6 (full 0):
 garbage-first heap   total 262144K, used 80187K [0x0000000701200000, 0x0000000800000000)
  region size 1024K, 74 young (75776K), 4 survivors (4096K)
 Metaspace       used 30311K, capacity 31063K, committed 31232K, reserved 1077248K
  class space    used 3575K, capacity 3840K, committed 3840K, reserved 1048576K
}
Event: 4.515 GC heap after
{Heap after GC invocations=7 (full 0):
 garbage-first heap   total 262144K, used 11600K [0x0000000701200000, 0x0000000800000000)
  region size 1024K, 6 young (6144K), 6 survivors (6144K)
 Metaspace       used 30311K, capacity 31063K, committed 31232K, reserved 1077248K
  class space    used 3575K, capacity 3840K, committed 3840K, reserved 1048576K
}
Event: 5.669 GC heap before
{Heap before GC invocations=7 (full 0):
 garbage-first heap   total 262144K, used 39248K [0x0000000701200000, 0x0000000800000000)
  region size 1024K, 34 young (34816K), 6 survivors (6144K)
 Metaspace       used 34865K, capacity 35733K, committed 35840K, reserved 1081344K
  class space    used 4196K, capacity 4558K, committed 4608K, reserved 1048576K
}
Event: 5.685 GC heap after
{Heap after GC invocations=8 (full 0):
 garbage-first heap   total 315392K, used 13900K [0x0000000701200000, 0x0000000800000000)
  region size 1024K, 8 young (8192K), 8 survivors (8192K)
 Metaspace       used 34865K, capacity 35733K, committed 35840K, reserved 1081344K
  class space    used 4196K, capacity 4558K, committed 4608K, reserved 1048576K
}
Event: 8.170 GC heap before
{Heap before GC invocations=9 (full 0):
 garbage-first heap   total 315392K, used 143948K [0x0000000701200000, 0x0000000800000000)
  region size 1024K, 136 young (139264K), 8 survivors (8192K)
 Metaspace       used 53506K, capacity 54605K, committed 54860K, reserved 1097728K
  class space    used 6780K, capacity 7196K, committed 7244K, reserved 1048576K
}
Event: 8.185 GC heap after
{Heap after GC invocations=10 (full 0):
 garbage-first heap   total 315392K, used 18281K [0x0000000701200000, 0x0000000800000000)
  region size 1024K, 12 young (12288K), 12 survivors (12288K)
 Metaspace       used 53506K, capacity 54605K, committed 54860K, reserved 1097728K
  class space    used 6780K, capacity 7196K, committed 7244K, reserved 1048576K
}
Event: 9.091 GC heap before
{Heap before GC invocations=10 (full 0):
 garbage-first heap   total 315392K, used 51049K [0x0000000701200000, 0x0000000800000000)
  region size 1024K, 45 young (46080K), 12 survivors (12288K)
 Metaspace       used 58892K, capacity 60097K, committed 60236K, reserved 1101824K
  class space    used 7529K, capacity 7997K, committed 8012K, reserved 1048576K
}
Event: 9.115 GC heap after
{Heap after GC invocations=11 (full 0):
 garbage-first heap   total 315392K, used 19822K [0x0000000701200000, 0x0000000800000000)
  region size 1024K, 14 young (14336K), 14 survivors (14336K)
 Metaspace       used 58892K, capacity 60097K, committed 60236K, reserved 1101824K
  class space    used 7529K, capacity 7997K, committed 8012K, reserved 1048576K
}

Deoptimization events (10 events):
Event: 30942.968 Thread 0x0000016aeb606800 Uncommon trap: reason=array_check action=maybe_recompile pc=0x0000016ad43c5bbc method=java.util.AbstractCollection.toArray([Ljava/lang/Object;)[Ljava/lang/Object; @ 116 c2
Event: 30952.970 Thread 0x0000016aeb606800 Uncommon trap: reason=array_check action=maybe_recompile pc=0x0000016ad43c5bbc method=java.util.AbstractCollection.toArray([Ljava/lang/Object;)[Ljava/lang/Object; @ 116 c2
Event: 32996.952 Thread 0x0000016aeb606800 Uncommon trap: reason=unstable_if action=reinterpret pc=0x0000016ad43ac844 method=java.util.concurrent.ScheduledThreadPoolExecutor$ScheduledFutureTask.compareTo(Ljava/util/concurrent/Delayed;)I @ 40 c2
Event: 33052.952 Thread 0x0000016aeb4fe800 Uncommon trap: reason=unstable_if action=reinterpret pc=0x0000016ad43a42d0 method=java.util.concurrent.ScheduledThreadPoolExecutor$ScheduledFutureTask.compareTo(Ljava/util/concurrent/Delayed;)I @ 40 c2
Event: 33053.952 Thread 0x0000016aeb606800 Uncommon trap: reason=unstable_if action=reinterpret pc=0x0000016ad43a4654 method=java.util.concurrent.ScheduledThreadPoolExecutor$ScheduledFutureTask.compareTo(Ljava/util/concurrent/Delayed;)I @ 40 c2
Event: 40147.077 Thread 0x0000016aeb992800 Uncommon trap: reason=unstable_if action=reinterpret pc=0x0000016ad4055804 method=java.lang.StringCoding.hasNegatives([BII)Z @ 12 c2
Event: 64161.788 Thread 0x0000016aeb606800 Uncommon trap: reason=unstable_if action=reinterpret pc=0x0000016ad43d442c method=java.util.concurrent.locks.AbstractQueuedSynchronizer.isOnSyncQueue(Ljava/util/concurrent/locks/AbstractQueuedSynchronizer$Node;)Z @ 22 c2
Event: 64172.595 Thread 0x0000016aeb606800 Uncommon trap: reason=unstable_if action=reinterpret pc=0x0000016ad43d80d4 method=java.util.concurrent.locks.AbstractQueuedSynchronizer.isOnSyncQueue(Ljava/util/concurrent/locks/AbstractQueuedSynchronizer$Node;)Z @ 22 c2
Event: 75148.860 Thread 0x0000016aeb992800 Uncommon trap: reason=unstable_if action=reinterpret pc=0x0000016ad4053d4c method=java.lang.StringCoding.hasNegatives([BII)Z @ 12 c2
Event: 76217.766 Thread 0x0000016aeb606800 Uncommon trap: reason=unstable_if action=reinterpret pc=0x0000016ad43adb8c method=java.util.concurrent.ScheduledThreadPoolExecutor$ScheduledFutureTask.compareTo(Ljava/util/concurrent/Delayed;)I @ 40 c2

Classes redefined (0 events):
No events

Internal exceptions (10 events):
Event: 10.323 Thread 0x0000016ac4248800 Exception <a 'java/lang/IncompatibleClassChangeError'{0x0000000710f8fa40}: Found class java.lang.Object, but interface was expected> (0x0000000710f8fa40) thrown at [t:/workspace/open/src/hotspot/share/interpreter/linkResolver.cpp, line 838]
Event: 10.390 Thread 0x0000016ac4248800 Exception <a 'java/lang/NoSuchMethodError'{0x0000000710d95718}: java.lang.invoke.DirectMethodHandle$Holder.invokeStaticInit(Ljava/lang/Object;Ljava/lang/Object;Ljava/lang/Object;Ljava/lang/Object;)I> (0x0000000710d95718) thrown at [t:/workspace/open/src/h
Event: 60.985 Thread 0x0000016aedd76000 Exception <a 'java/lang/NoSuchMethodError'{0x000000070fd03398}: java.lang.invoke.DirectMethodHandle$Holder.invokeStaticInit(Ljava/lang/Object;Ljava/lang/Object;Ljava/lang/Object;)V> (0x000000070fd03398) thrown at [t:/workspace/open/src/hotspot/share/inter
Event: 61.417 Thread 0x0000016aedd76000 Exception <a 'java/lang/ClassNotFoundException'{0x000000070f3d5c28}: java/lang/ObjectCustomizer> (0x000000070f3d5c28) thrown at [t:/workspace/open/src/hotspot/share/classfile/systemDictionary.cpp, line 231]
Event: 61.418 Thread 0x0000016aedd76000 Exception <a 'java/lang/ClassNotFoundException'{0x000000070f3e7688}: com/TCS/tcsusecase/entity/UsermodelCustomizer> (0x000000070f3e7688) thrown at [t:/workspace/open/src/hotspot/share/classfile/systemDictionary.cpp, line 231]
Event: 61.458 Thread 0x0000016aedd76000 Exception <a 'java/lang/NoSuchMethodError'{0x000000070f2877c8}: java.lang.invoke.DirectMethodHandle$Holder.invokeStatic(Ljava/lang/Object;ILjava/lang/Object;)Ljava/lang/Object;> (0x000000070f2877c8) thrown at [t:/workspace/open/src/hotspot/share/interpret
Event: 21915.165 Thread 0x0000016aeb4fe800 Implicit null exception at 0x0000016ad43b8abe to 0x0000016ad43b8cf2
Event: 21916.016 Thread 0x0000016aeb606800 Implicit null exception at 0x0000016ad43b8abe to 0x0000016ad43b8cf2
Event: 21916.951 Thread 0x0000016aeb606800 Implicit null exception at 0x0000016ad43b8abe to 0x0000016ad43b8cf2
Event: 21917.951 Thread 0x0000016aeb4fe800 Implicit null exception at 0x0000016ad43b8abe to 0x0000016ad43b8cf2

Events (10 events):
Event: 84052.929 Executing VM operation: BulkRevokeBias done
Event: 84052.929 Thread 0x0000016ae8a2e800 Thread exited: 0x0000016ae8a2e800
Event: 84092.545 Thread 0x0000016ae8a2e000 Thread added: 0x0000016ae8a2e000
Event: 84092.546 Thread 0x0000016ae8a2e800 Thread added: 0x0000016ae8a2e800
Event: 84097.577 Executing VM operation: RevokeBias
Event: 84097.577 Executing VM operation: RevokeBias done
Event: 84097.577 Thread 0x0000016ae8a2e800 Thread exited: 0x0000016ae8a2e800
Event: 84097.587 Executing VM operation: RevokeBias
Event: 84097.587 Executing VM operation: RevokeBias done
Event: 84097.588 Thread 0x0000016ae8a2e000 Thread exited: 0x0000016ae8a2e000


Dynamic libraries:
0x00007ff7702d0000 - 0x00007ff770317000 	C:\Program Files\Java\jdk-11.0.5\bin\javaw.exe
0x00007ffb0d5e0000 - 0x00007ffb0d7d0000 	C:\WINDOWS\SYSTEM32\ntdll.dll
0x00007ffb0d040000 - 0x00007ffb0d0f2000 	C:\WINDOWS\System32\KERNEL32.DLL
0x00007ffb0b0c0000 - 0x00007ffb0b363000 	C:\WINDOWS\System32\KERNELBASE.dll
0x00007ffb0b690000 - 0x00007ffb0b733000 	C:\WINDOWS\System32\ADVAPI32.dll
0x00007ffb0c840000 - 0x00007ffb0c8de000 	C:\WINDOWS\System32\msvcrt.dll
0x00007ffb0d500000 - 0x00007ffb0d597000 	C:\WINDOWS\System32\sechost.dll
0x00007ffb0d3e0000 - 0x00007ffb0d500000 	C:\WINDOWS\System32\RPCRT4.dll
0x00007ffb0ccc0000 - 0x00007ffb0ce54000 	C:\WINDOWS\System32\USER32.dll
0x00007ffb0afe0000 - 0x00007ffb0b001000 	C:\WINDOWS\System32\win32u.dll
0x00007ffb0cbe0000 - 0x00007ffb0cc06000 	C:\WINDOWS\System32\GDI32.dll
0x00007ffb0a610000 - 0x00007ffb0a7a4000 	C:\WINDOWS\System32\gdi32full.dll
0x00007ffb0a570000 - 0x00007ffb0a60e000 	C:\WINDOWS\System32\msvcp_win.dll
0x00007ffb0b370000 - 0x00007ffb0b46a000 	C:\WINDOWS\System32\ucrtbase.dll
0x00007ffaf1f60000 - 0x00007ffaf21e5000 	C:\WINDOWS\WinSxS\amd64_microsoft.windows.common-controls_6595b64144ccf1df_6.0.18362.778_none_e6c6b761130d4fb8\COMCTL32.dll
0x00007ffb0c2d0000 - 0x00007ffb0c606000 	C:\WINDOWS\System32\combase.dll
0x00007ffb0b4c0000 - 0x00007ffb0b540000 	C:\WINDOWS\System32\bcryptPrimitives.dll
0x00007ffaf1c10000 - 0x00007ffaf1c1a000 	C:\WINDOWS\SYSTEM32\VERSION.dll
0x00007ffb0ce60000 - 0x00007ffb0ce8e000 	C:\WINDOWS\System32\IMM32.DLL
0x00007ffaeaf50000 - 0x00007ffaeb058000 	C:\Program Files (x86)\Citrix\ICA Client\epclient64.dll
0x00007ffb09500000 - 0x00007ffb09531000 	C:\WINDOWS\SYSTEM32\ntmarta.dll
0x0000016ac2110000 - 0x0000016ac2136000 	C:\WINDOWS\System32\bcrypt.dll
0x00007ffafe0e0000 - 0x00007ffafe0f6000 	C:\Program Files\Java\jdk-11.0.5\bin\vcruntime140.dll
0x00007ffaf3e30000 - 0x00007ffaf3eda000 	C:\Program Files\Java\jdk-11.0.5\bin\msvcp140.dll
0x00007ffae7a40000 - 0x00007ffae8568000 	C:\Program Files\Java\jdk-11.0.5\bin\server\jvm.dll
0x00007ffb0d350000 - 0x00007ffb0d358000 	C:\WINDOWS\System32\PSAPI.DLL
0x00007ffaea760000 - 0x00007ffaea769000 	C:\WINDOWS\SYSTEM32\WSOCK32.dll
0x00007ffb0d160000 - 0x00007ffb0d1cf000 	C:\WINDOWS\System32\WS2_32.dll
0x00007ffafd380000 - 0x00007ffafd3a4000 	C:\WINDOWS\SYSTEM32\WINMM.dll
0x00007ffafc520000 - 0x00007ffafc54d000 	C:\WINDOWS\SYSTEM32\WINMMBASE.dll
0x00007ffb0af90000 - 0x00007ffb0afda000 	C:\WINDOWS\System32\cfgmgr32.dll
0x00007ffb0a4b0000 - 0x00007ffb0a4c1000 	C:\WINDOWS\System32\kernel.appcore.dll
0x00007ffae79e0000 - 0x00007ffae79f1000 	C:\Program Files\Java\jdk-11.0.5\bin\verify.dll
0x00007ffb08340000 - 0x00007ffb08534000 	C:\WINDOWS\SYSTEM32\DBGHELP.DLL
0x00007ffafedf0000 - 0x00007ffafee1a000 	C:\WINDOWS\SYSTEM32\dbgcore.DLL
0x00007ffae79b0000 - 0x00007ffae79d9000 	C:\Program Files\Java\jdk-11.0.5\bin\java.dll
0x00007ffae7990000 - 0x00007ffae79a6000 	C:\Program Files\Java\jdk-11.0.5\bin\zip.dll
0x00007ffae7980000 - 0x00007ffae798a000 	C:\Program Files\Java\jdk-11.0.5\bin\jimage.dll
0x00007ffb0b770000 - 0x00007ffb0be55000 	C:\WINDOWS\System32\SHELL32.dll
0x00007ffb0d1d0000 - 0x00007ffb0d279000 	C:\WINDOWS\System32\shcore.dll
0x00007ffb0a7b0000 - 0x00007ffb0af30000 	C:\WINDOWS\System32\windows.storage.dll
0x00007ffb0a540000 - 0x00007ffb0a563000 	C:\WINDOWS\System32\profapi.dll
0x00007ffb0a4d0000 - 0x00007ffb0a51a000 	C:\WINDOWS\System32\powrprof.dll
0x00007ffb0a4a0000 - 0x00007ffb0a4b0000 	C:\WINDOWS\System32\UMPDC.dll
0x00007ffb0cb80000 - 0x00007ffb0cbd2000 	C:\WINDOWS\System32\shlwapi.dll
0x0000016ae7f30000 - 0x0000016ae7f47000 	C:\WINDOWS\System32\cryptsp.dll
0x00007ffae71a0000 - 0x00007ffae71b9000 	C:\Program Files\Java\jdk-11.0.5\bin\net.dll
0x00007ffb05ac0000 - 0x00007ffb05bb0000 	C:\WINDOWS\SYSTEM32\WINHTTP.dll
0x00007ffb09d10000 - 0x00007ffb09d77000 	C:\WINDOWS\system32\mswsock.dll
0x00007ffae7180000 - 0x00007ffae7193000 	C:\Program Files\Java\jdk-11.0.5\bin\nio.dll
0x00007ffae2520000 - 0x00007ffae2529000 	C:\Program Files\Java\jdk-11.0.5\bin\management.dll
0x00007ffae2510000 - 0x00007ffae251c000 	C:\Program Files\Java\jdk-11.0.5\bin\management_ext.dll
0x00007ffae7740000 - 0x00007ffae7756000 	C:\WINDOWS\system32\napinsp.dll
0x00007ffae7720000 - 0x00007ffae773a000 	C:\WINDOWS\system32\pnrpnsp.dll
0x00007ffb09ab0000 - 0x00007ffb09b7a000 	C:\WINDOWS\SYSTEM32\DNSAPI.dll
0x00007ffb0c8e0000 - 0x00007ffb0c8e8000 	C:\WINDOWS\System32\NSI.dll
0x00007ffb09a20000 - 0x00007ffb09a5a000 	C:\WINDOWS\SYSTEM32\IPHLPAPI.DLL
0x00007ffae7710000 - 0x00007ffae771e000 	C:\WINDOWS\System32\winrnr.dll
0x00007ffb05bb0000 - 0x00007ffb05bcc000 	C:\WINDOWS\system32\NLAapi.dll
0x00007ffb05a50000 - 0x00007ffb05a65000 	C:\WINDOWS\system32\wshbth.dll
0x00007ffafe4b0000 - 0x00007ffafe4ba000 	C:\Windows\System32\rasadhlp.dll
0x00007ffafe100000 - 0x00007ffafe177000 	C:\WINDOWS\System32\fwpuclnt.dll
0x00007ffb09820000 - 0x00007ffb09853000 	C:\WINDOWS\system32\rsaenh.dll
0x00007ffb0a3c0000 - 0x00007ffb0a3e5000 	C:\WINDOWS\SYSTEM32\USERENV.dll
0x00007ffb09ee0000 - 0x00007ffb09eec000 	C:\WINDOWS\SYSTEM32\CRYPTBASE.dll
0x00007ffafe7d0000 - 0x00007ffafe7e6000 	C:\WINDOWS\SYSTEM32\dhcpcsvc6.DLL
0x00007ffafefd0000 - 0x00007ffafefec000 	C:\WINDOWS\SYSTEM32\dhcpcsvc.DLL

dbghelp: loaded successfully - version: 4.0.5 - missing functions: none
symbol engine: initialized successfully - sym options: 0x614 - pdb path: .;C:\Program Files\Java\jdk-11.0.5\bin;C:\WINDOWS\SYSTEM32;C:\WINDOWS\WinSxS\amd64_microsoft.windows.common-controls_6595b64144ccf1df_6.0.18362.778_none_e6c6b761130d4fb8;C:\Program Files (x86)\Citrix\ICA Client;C:\Program Files\Java\jdk-11.0.5\bin\server

VM Arguments:
jvm_args: -Dfile.encoding=UTF-8 
java_command: com.TCS.tcsusecase.TcsusecaseApplication
java_class_path (initial): C:\Users\Shiva Roop\eclipse-workspace\tcsusecase\tcsusecase\target\classes;C:\Users\Shiva Roop\.m2\repository\io\jsonwebtoken\jjwt\0.9.1\jjwt-0.9.1.jar;C:\Users\Shiva Roop\.m2\repository\com\fasterxml\jackson\core\jackson-databind\2.10.3\jackson-databind-2.10.3.jar;C:\Users\Shiva Roop\.m2\repository\com\fasterxml\jackson\core\jackson-annotations\2.10.3\jackson-annotations-2.10.3.jar;C:\Users\Shiva Roop\.m2\repository\com\fasterxml\jackson\core\jackson-core\2.10.3\jackson-core-2.10.3.jar;C:\Users\Shiva Roop\.m2\repository\javax\xml\bind\jaxb-api\2.3.0\jaxb-api-2.3.0.jar;C:\Users\Shiva Roop\.m2\repository\org\springframework\boot\spring-boot-starter-data-jpa\2.2.6.RELEASE\spring-boot-starter-data-jpa-2.2.6.RELEASE.jar;C:\Users\Shiva Roop\.m2\repository\org\springframework\boot\spring-boot-starter-aop\2.2.6.RELEASE\spring-boot-starter-aop-2.2.6.RELEASE.jar;C:\Users\Shiva Roop\.m2\repository\org\aspectj\aspectjweaver\1.9.5\aspectjweaver-1.9.5.jar;C:\Users\Shiva Roop\.m2\repository\org\springframework\boot\spring-boot-starter-jdbc\2.2.6.RELEASE\spring-boot-starter-jdbc-2.2.6.RELEASE.jar;C:\Users\Shiva Roop\.m2\repository\com\zaxxer\HikariCP\3.4.2\HikariCP-3.4.2.jar;C:\Users\Shiva Roop\.m2\repository\org\springframework\spring-jdbc\5.2.5.RELEASE\spring-jdbc-5.2.5.RELEASE.jar;C:\Users\Shiva Roop\.m2\repository\jakarta\activation\jakarta.activation-api\1.2.2\jakarta.activation-api-1.2.2.jar;C:\Users\Shiva Roop\.m2\repository\jakarta\persistence\jakarta.persistence-api\2.2.3\jakarta.persistence-api-2.2.3.jar;C:\Users\Shiva Roop\.m2\repository\jakarta\transaction\jakarta.transaction-api\1.3.3\jakarta.transaction-api-1.3.3.jar;C:\Users\Shiva Roop\.m2\repository\org\hibernate\hibernate-core\5.4.12.Final\hibernate-core-5.4.12.Final.jar;C:\Users\Shiva Roop\.m2\repository\org\jboss\logging\jboss-logging\3.4.1.Final\jboss-logging-3.4.1.Final.jar;C:\Users\Shiva Roop\.m2\repository\org\javassist\javassist\3.24.0-GA\javassist-3.24.0-GA.jar;C:\Users\Shiva R
Launcher Type: SUN_STANDARD

[Global flags]
     intx CICompilerCount                          = 3                                         {product} {ergonomic}
     uint ConcGCThreads                            = 1                                         {product} {ergonomic}
     uint G1ConcRefinementThreads                  = 4                                         {product} {ergonomic}
   size_t G1HeapRegionSize                         = 1048576                                   {product} {ergonomic}
    uintx GCDrainStackTargetSize                   = 64                                        {product} {ergonomic}
   size_t InitialHeapSize                          = 268435456                                 {product} {ergonomic}
   size_t MarkStackSize                            = 4194304                                   {product} {ergonomic}
   size_t MaxHeapSize                              = 4276092928                                {product} {ergonomic}
   size_t MaxNewSize                               = 2564816896                                {product} {ergonomic}
   size_t MinHeapDeltaBytes                        = 1048576                                   {product} {ergonomic}
    uintx NonNMethodCodeHeapSize                   = 5830732                                {pd product} {ergonomic}
    uintx NonProfiledCodeHeapSize                  = 122913754                              {pd product} {ergonomic}
    uintx ProfiledCodeHeapSize                     = 122913754                              {pd product} {ergonomic}
    uintx ReservedCodeCacheSize                    = 251658240                              {pd product} {ergonomic}
     bool SegmentedCodeCache                       = true                                      {product} {ergonomic}
     bool UseCompressedClassPointers               = true                                 {lp64_product} {ergonomic}
     bool UseCompressedOops                        = true                                 {lp64_product} {ergonomic}
     bool UseG1GC                                  = true                                      {product} {ergonomic}
     bool UseLargePagesIndividualAllocation        = false                                  {pd product} {ergonomic}

Logging:
Log output configuration:
 #0: stdout all=warning uptime,level,tags
 #1: stderr all=off uptime,level,tags

Environment Variables:
PATH=C:/Program Files/Java/jdk-11.0.5/bin/server;C:/Program Files/Java/jdk-11.0.5/bin;C:\WINDOWS\system32;C:\WINDOWS;C:\WINDOWS\System32\Wbem;C:\WINDOWS\System32\WindowsPowerShell\v1.0\;C:\WINDOWS\System32\OpenSSH\;C:\Program Files\Java\jdk-11.0.5\bin\;C:\Program Files\Git\cmd;C:\Program Files\MySQL\MySQL Shell 8.0\bin\;C:\Users\Shiva Roop\AppData\Local\Microsoft\WindowsApps;;C:\Users\Shiva Roop\Downloads\eclipse-jee-2019-09-R-win32-x86_64\eclipse;
USERNAME=Shiva Roop
OS=Windows_NT
PROCESSOR_IDENTIFIER=Intel64 Family 6 Model 142 Stepping 9, GenuineIntel



---------------  S Y S T E M  ---------------

OS: Windows 10 , 64 bit Build 18362 (10.0.18362.778)

CPU:total 4 (initial active 4) (2 cores per cpu, 2 threads per core) family 6 model 142 stepping 9, cmov, cx8, fxsr, mmx, sse, sse2, sse3, ssse3, sse4.1, sse4.2, popcnt, avx, avx2, aes, clmul, erms, rtm, 3dnowpref, lzcnt, ht, tsc, tscinvbit, bmi1, bmi2, adx, fma

Memory: 4k page, system-wide physical 16309M (2021M free)
TotalPageFile size 65461M (AvailPageFile size 13M)
current process WorkingSet (physical memory assigned to process): 44M, peak: 370M
current process commit charge ("private bytes"): 497M, peak: 557M

vm_info: Java HotSpot(TM) 64-Bit Server VM (11.0.5+10-LTS) for windows-amd64 JRE (11.0.5+10-LTS), built on Oct  6 2019 12:37:14 by "mach5one" with MS VC++ 15.5 (VS2017)

END.
